This is pdfTeX, Version 3.141592653-2.6-1.40.24 (TeX Live 2022) (preloaded format=pdflatex 2022.11.5)  17 NOV 2022 20:54
entering extended mode
 restricted \write18 enabled.
 %&-line parsing enabled.
**capstone_vogel.tex
(./capstone_vogel.tex
LaTeX2e <2022-11-01>
L3 programming layer <2022-11-02> (/home/danvogel/.TinyTeX/texmf-dist/tex/latex/base/report.cls
Document Class: report 2022/07/02 v1.4n Standard LaTeX document class
(/home/danvogel/.TinyTeX/texmf-dist/tex/latex/base/size10.clo
File: size10.clo 2022/07/02 v1.4n Standard LaTeX file (size option)
)
\c@part=\count185
\c@chapter=\count186
\c@section=\count187
\c@subsection=\count188
\c@subsubsection=\count189
\c@paragraph=\count190
\c@subparagraph=\count191
\c@figure=\count192
\c@table=\count193
\abovecaptionskip=\skip47
\belowcaptionskip=\skip48
\bibindent=\dimen140
) (/home/danvogel/.TinyTeX/texmf-dist/tex/latex/amsmath/amsmath.sty
Package: amsmath 2022/04/08 v2.17n AMS math features
\@mathmargin=\skip49
For additional information on amsmath, use the `?' option.
(/home/danvogel/.TinyTeX/texmf-dist/tex/latex/amsmath/amstext.sty
Package: amstext 2021/08/26 v2.01 AMS text
(/home/danvogel/.TinyTeX/texmf-dist/tex/latex/amsmath/amsgen.sty
File: amsgen.sty 1999/11/30 v2.0 generic functions
\@emptytoks=\toks16
\ex@=\dimen141
)) (/home/danvogel/.TinyTeX/texmf-dist/tex/latex/amsmath/amsbsy.sty
Package: amsbsy 1999/11/29 v1.2d Bold Symbols
\pmbraise@=\dimen142
) (/home/danvogel/.TinyTeX/texmf-dist/tex/latex/amsmath/amsopn.sty
Package: amsopn 2022/04/08 v2.04 operator names
)
\inf@bad=\count194
LaTeX Info: Redefining \frac on input line 234.
\uproot@=\count195
\leftroot@=\count196
LaTeX Info: Redefining \overline on input line 399.
LaTeX Info: Redefining \colon on input line 410.
\classnum@=\count197
\DOTSCASE@=\count198
LaTeX Info: Redefining \ldots on input line 496.
LaTeX Info: Redefining \dots on input line 499.
LaTeX Info: Redefining \cdots on input line 620.
\Mathstrutbox@=\box51
\strutbox@=\box52
LaTeX Info: Redefining \big on input line 722.
LaTeX Info: Redefining \Big on input line 723.
LaTeX Info: Redefining \bigg on input line 724.
LaTeX Info: Redefining \Bigg on input line 725.
\big@size=\dimen143
LaTeX Font Info:    Redeclaring font encoding OML on input line 743.
LaTeX Font Info:    Redeclaring font encoding OMS on input line 744.
\macc@depth=\count199
LaTeX Info: Redefining \bmod on input line 905.
LaTeX Info: Redefining \pmod on input line 910.
LaTeX Info: Redefining \smash on input line 940.
LaTeX Info: Redefining \relbar on input line 970.
LaTeX Info: Redefining \Relbar on input line 971.
\c@MaxMatrixCols=\count266
\dotsspace@=\muskip16
\c@parentequation=\count267
\dspbrk@lvl=\count268
\tag@help=\toks17
\row@=\count269
\column@=\count270
\maxfields@=\count271
\andhelp@=\toks18
\eqnshift@=\dimen144
\alignsep@=\dimen145
\tagshift@=\dimen146
\tagwidth@=\dimen147
\totwidth@=\dimen148
\lineht@=\dimen149
\@envbody=\toks19
\multlinegap=\skip50
\multlinetaggap=\skip51
\mathdisplay@stack=\toks20
LaTeX Info: Redefining \[ on input line 2953.
LaTeX Info: Redefining \] on input line 2954.
) (/home/danvogel/.TinyTeX/texmf-dist/tex/latex/amsfonts/amssymb.sty
Package: amssymb 2013/01/14 v3.01 AMS font symbols
(/home/danvogel/.TinyTeX/texmf-dist/tex/latex/amsfonts/amsfonts.sty
Package: amsfonts 2013/01/14 v3.01 Basic AMSFonts support
\symAMSa=\mathgroup4
\symAMSb=\mathgroup5
LaTeX Font Info:    Redeclaring math symbol \hbar on input line 98.
LaTeX Font Info:    Overwriting math alphabet `\mathfrak' in version `bold'
(Font)                  U/euf/m/n --> U/euf/b/n on input line 106.
)) (/home/danvogel/.TinyTeX/texmf-dist/tex/latex/lm/lmodern.sty
Package: lmodern 2015/05/01 v1.6.1 Latin Modern Fonts
LaTeX Font Info:    Overwriting symbol font `operators' in version `normal'
(Font)                  OT1/cmr/m/n --> OT1/lmr/m/n on input line 22.
LaTeX Font Info:    Overwriting symbol font `letters' in version `normal'
(Font)                  OML/cmm/m/it --> OML/lmm/m/it on input line 23.
LaTeX Font Info:    Overwriting symbol font `symbols' in version `normal'
(Font)                  OMS/cmsy/m/n --> OMS/lmsy/m/n on input line 24.
LaTeX Font Info:    Overwriting symbol font `largesymbols' in version `normal'
(Font)                  OMX/cmex/m/n --> OMX/lmex/m/n on input line 25.
LaTeX Font Info:    Overwriting symbol font `operators' in version `bold'
(Font)                  OT1/cmr/bx/n --> OT1/lmr/bx/n on input line 26.
LaTeX Font Info:    Overwriting symbol font `letters' in version `bold'
(Font)                  OML/cmm/b/it --> OML/lmm/b/it on input line 27.
LaTeX Font Info:    Overwriting symbol font `symbols' in version `bold'
(Font)                  OMS/cmsy/b/n --> OMS/lmsy/b/n on input line 28.
LaTeX Font Info:    Overwriting symbol font `largesymbols' in version `bold'
(Font)                  OMX/cmex/m/n --> OMX/lmex/m/n on input line 29.
LaTeX Font Info:    Overwriting math alphabet `\mathbf' in version `normal'
(Font)                  OT1/cmr/bx/n --> OT1/lmr/bx/n on input line 31.
LaTeX Font Info:    Overwriting math alphabet `\mathsf' in version `normal'
(Font)                  OT1/cmss/m/n --> OT1/lmss/m/n on input line 32.
LaTeX Font Info:    Overwriting math alphabet `\mathit' in version `normal'
(Font)                  OT1/cmr/m/it --> OT1/lmr/m/it on input line 33.
LaTeX Font Info:    Overwriting math alphabet `\mathtt' in version `normal'
(Font)                  OT1/cmtt/m/n --> OT1/lmtt/m/n on input line 34.
LaTeX Font Info:    Overwriting math alphabet `\mathbf' in version `bold'
(Font)                  OT1/cmr/bx/n --> OT1/lmr/bx/n on input line 35.
LaTeX Font Info:    Overwriting math alphabet `\mathsf' in version `bold'
(Font)                  OT1/cmss/bx/n --> OT1/lmss/bx/n on input line 36.
LaTeX Font Info:    Overwriting math alphabet `\mathit' in version `bold'
(Font)                  OT1/cmr/bx/it --> OT1/lmr/bx/it on input line 37.
LaTeX Font Info:    Overwriting math alphabet `\mathtt' in version `bold'
(Font)                  OT1/cmtt/m/n --> OT1/lmtt/m/n on input line 38.
) (/home/danvogel/.TinyTeX/texmf-dist/tex/generic/iftex/iftex.sty
Package: iftex 2022/02/03 v1.0f TeX engine tests
) (/home/danvogel/.TinyTeX/texmf-dist/tex/latex/base/fontenc.sty
Package: fontenc 2021/04/29 v2.0v Standard LaTeX package
LaTeX Font Info:    Trying to load font information for T1+lmr on input line 112.
(/home/danvogel/.TinyTeX/texmf-dist/tex/latex/lm/t1lmr.fd
File: t1lmr.fd 2015/05/01 v1.6.1 Font defs for Latin Modern
)) (/home/danvogel/.TinyTeX/texmf-dist/tex/latex/base/inputenc.sty
Package: inputenc 2021/02/14 v1.3d Input encoding file
\inpenc@prehook=\toks21
\inpenc@posthook=\toks22
) (/home/danvogel/.TinyTeX/texmf-dist/tex/latex/base/textcomp.sty
Package: textcomp 2020/02/02 v2.0n Standard LaTeX package
) (/home/danvogel/.TinyTeX/texmf-dist/tex/latex/xcolor/xcolor.sty
Package: xcolor 2022/06/12 v2.14 LaTeX color extensions (UK)
(/home/danvogel/.TinyTeX/texmf-dist/tex/latex/graphics-cfg/color.cfg
File: color.cfg 2016/01/02 v1.6 sample color configuration
)
Package xcolor Info: Driver file: pdftex.def on input line 227.
(/home/danvogel/.TinyTeX/texmf-dist/tex/latex/graphics-def/pdftex.def
File: pdftex.def 2022/09/22 v1.2b Graphics/color driver for pdftex
) (/home/danvogel/.TinyTeX/texmf-dist/tex/latex/graphics/mathcolor.ltx)
Package xcolor Info: Model `cmy' substituted by `cmy0' on input line 1353.
Package xcolor Info: Model `hsb' substituted by `rgb' on input line 1357.
Package xcolor Info: Model `RGB' extended on input line 1369.
Package xcolor Info: Model `HTML' substituted by `rgb' on input line 1371.
Package xcolor Info: Model `Hsb' substituted by `hsb' on input line 1372.
Package xcolor Info: Model `tHsb' substituted by `hsb' on input line 1373.
Package xcolor Info: Model `HSB' substituted by `hsb' on input line 1374.
Package xcolor Info: Model `Gray' substituted by `gray' on input line 1375.
Package xcolor Info: Model `wave' substituted by `hsb' on input line 1376.
) (/home/danvogel/.TinyTeX/texmf-dist/tex/latex/hyperref/hyperref.sty
Package: hyperref 2022-11-13 v7.00u Hypertext links for LaTeX
(/home/danvogel/.TinyTeX/texmf-dist/tex/generic/ltxcmds/ltxcmds.sty
Package: ltxcmds 2020-05-10 v1.25 LaTeX kernel commands for general use (HO)
) (/home/danvogel/.TinyTeX/texmf-dist/tex/generic/pdftexcmds/pdftexcmds.sty
Package: pdftexcmds 2020-06-27 v0.33 Utility functions of pdfTeX for LuaTeX (HO)
(/home/danvogel/.TinyTeX/texmf-dist/tex/generic/infwarerr/infwarerr.sty
Package: infwarerr 2019/12/03 v1.5 Providing info/warning/error messages (HO)
)
Package pdftexcmds Info: \pdf@primitive is available.
Package pdftexcmds Info: \pdf@ifprimitive is available.
Package pdftexcmds Info: \pdfdraftmode found.
) (/home/danvogel/.TinyTeX/texmf-dist/tex/latex/graphics/keyval.sty
Package: keyval 2022/05/29 v1.15 key=value parser (DPC)
\KV@toks@=\toks23
) (/home/danvogel/.TinyTeX/texmf-dist/tex/latex/kvsetkeys/kvsetkeys.sty
Package: kvsetkeys 2022-10-05 v1.19 Key value parser (HO)
) (/home/danvogel/.TinyTeX/texmf-dist/tex/generic/kvdefinekeys/kvdefinekeys.sty
Package: kvdefinekeys 2019-12-19 v1.6 Define keys (HO)
) (/home/danvogel/.TinyTeX/texmf-dist/tex/generic/pdfescape/pdfescape.sty
Package: pdfescape 2019/12/09 v1.15 Implements pdfTeX's escape features (HO)
) (/home/danvogel/.TinyTeX/texmf-dist/tex/latex/hycolor/hycolor.sty
Package: hycolor 2020-01-27 v1.10 Color options for hyperref/bookmark (HO)
) (/home/danvogel/.TinyTeX/texmf-dist/tex/latex/letltxmacro/letltxmacro.sty
Package: letltxmacro 2019/12/03 v1.6 Let assignment for LaTeX macros (HO)
) (/home/danvogel/.TinyTeX/texmf-dist/tex/latex/auxhook/auxhook.sty
Package: auxhook 2019-12-17 v1.6 Hooks for auxiliary files (HO)
) (/home/danvogel/.TinyTeX/texmf-dist/tex/latex/hyperref/nameref.sty
Package: nameref 2022-05-17 v2.50 Cross-referencing by name of section
(/home/danvogel/.TinyTeX/texmf-dist/tex/latex/refcount/refcount.sty
Package: refcount 2019/12/15 v3.6 Data extraction from label references (HO)
) (/home/danvogel/.TinyTeX/texmf-dist/tex/generic/gettitlestring/gettitlestring.sty
Package: gettitlestring 2019/12/15 v1.6 Cleanup title references (HO)
(/home/danvogel/.TinyTeX/texmf-dist/tex/latex/kvoptions/kvoptions.sty
Package: kvoptions 2022-06-15 v3.15 Key value format for package options (HO)
))
\c@section@level=\count272
)
\@linkdim=\dimen150
\Hy@linkcounter=\count273
\Hy@pagecounter=\count274
(/home/danvogel/.TinyTeX/texmf-dist/tex/latex/hyperref/pd1enc.def
File: pd1enc.def 2022-11-13 v7.00u Hyperref: PDFDocEncoding definition (HO)
Now handling font encoding PD1 ...
... no UTF-8 mapping file for font encoding PD1
) (/home/danvogel/.TinyTeX/texmf-dist/tex/generic/intcalc/intcalc.sty
Package: intcalc 2019/12/15 v1.3 Expandable calculations with integers (HO)
) (/home/danvogel/.TinyTeX/texmf-dist/tex/generic/etexcmds/etexcmds.sty
Package: etexcmds 2019/12/15 v1.7 Avoid name clashes with e-TeX commands (HO)
)
\Hy@SavedSpaceFactor=\count275
(/home/danvogel/.TinyTeX/texmf-dist/tex/latex/hyperref/puenc.def
File: puenc.def 2022-11-13 v7.00u Hyperref: PDF Unicode definition (HO)
Now handling font encoding PU ...
... no UTF-8 mapping file for font encoding PU
)
Package hyperref Info: Option `unicode' set `true' on input line 4045.
Package hyperref Info: Hyper figures OFF on input line 4162.
Package hyperref Info: Link nesting OFF on input line 4167.
Package hyperref Info: Hyper index ON on input line 4170.
Package hyperref Info: Plain pages OFF on input line 4177.
Package hyperref Info: Backreferencing OFF on input line 4182.
Package hyperref Info: Implicit mode ON; LaTeX internals redefined.
Package hyperref Info: Bookmarks ON on input line 4410.
\c@Hy@tempcnt=\count276
(/home/danvogel/.TinyTeX/texmf-dist/tex/latex/url/url.sty
\Urlmuskip=\muskip17
Package: url 2013/09/16  ver 3.4  Verb mode for urls, etc.
)
LaTeX Info: Redefining \url on input line 4748.
\XeTeXLinkMargin=\dimen151
(/home/danvogel/.TinyTeX/texmf-dist/tex/generic/bitset/bitset.sty
Package: bitset 2019/12/09 v1.3 Handle bit-vector datatype (HO)
(/home/danvogel/.TinyTeX/texmf-dist/tex/generic/bigintcalc/bigintcalc.sty
Package: bigintcalc 2019/12/15 v1.5 Expandable calculations on big integers (HO)
))
\Fld@menulength=\count277
\Field@Width=\dimen152
\Fld@charsize=\dimen153
Package hyperref Info: Hyper figures OFF on input line 6027.
Package hyperref Info: Link nesting OFF on input line 6032.
Package hyperref Info: Hyper index ON on input line 6035.
Package hyperref Info: backreferencing OFF on input line 6042.
Package hyperref Info: Link coloring OFF on input line 6047.
Package hyperref Info: Link coloring with OCG OFF on input line 6052.
Package hyperref Info: PDF/A mode OFF on input line 6057.
(/home/danvogel/.TinyTeX/texmf-dist/tex/latex/base/atbegshi-ltx.sty
Package: atbegshi-ltx 2021/01/10 v1.0c Emulation of the original atbegshi
package with kernel methods
)
\Hy@abspage=\count278
\c@Item=\count279
\c@Hfootnote=\count280
)
Package hyperref Info: Driver (autodetected): hpdftex.
(/home/danvogel/.TinyTeX/texmf-dist/tex/latex/hyperref/hpdftex.def
File: hpdftex.def 2022-11-13 v7.00u Hyperref driver for pdfTeX
(/home/danvogel/.TinyTeX/texmf-dist/tex/latex/base/atveryend-ltx.sty
Package: atveryend-ltx 2020/08/19 v1.0a Emulation of the original atveryend package
with kernel methods
)
\Fld@listcount=\count281
\c@bookmark@seq@number=\count282
(/home/danvogel/.TinyTeX/texmf-dist/tex/latex/rerunfilecheck/rerunfilecheck.sty
Package: rerunfilecheck 2022-07-10 v1.10 Rerun checks for auxiliary files (HO)
(/home/danvogel/.TinyTeX/texmf-dist/tex/generic/uniquecounter/uniquecounter.sty
Package: uniquecounter 2019/12/15 v1.4 Provide unlimited unique counter (HO)
)
Package uniquecounter Info: New unique counter `rerunfilecheck' on input line 285.
)
\Hy@SectionHShift=\skip52
) (/home/danvogel/.TinyTeX/texmf-dist/tex/latex/tools/longtable.sty
Package: longtable 2021-09-01 v4.17 Multi-page Table package (DPC)
\LTleft=\skip53
\LTright=\skip54
\LTpre=\skip55
\LTpost=\skip56
\LTchunksize=\count283
\LTcapwidth=\dimen154
\LT@head=\box53
\LT@firsthead=\box54
\LT@foot=\box55
\LT@lastfoot=\box56
\LT@gbox=\box57
\LT@cols=\count284
\LT@rows=\count285
\c@LT@tables=\count286
\c@LT@chunks=\count287
\LT@p@ftn=\toks24
) (/home/danvogel/.TinyTeX/texmf-dist/tex/latex/booktabs/booktabs.sty
Package: booktabs 2020/01/12 v1.61803398 Publication quality tables
\heavyrulewidth=\dimen155
\lightrulewidth=\dimen156
\cmidrulewidth=\dimen157
\belowrulesep=\dimen158
\belowbottomsep=\dimen159
\aboverulesep=\dimen160
\abovetopsep=\dimen161
\cmidrulesep=\dimen162
\cmidrulekern=\dimen163
\defaultaddspace=\dimen164
\@cmidla=\count288
\@cmidlb=\count289
\@aboverulesep=\dimen165
\@belowrulesep=\dimen166
\@thisruleclass=\count290
\@lastruleclass=\count291
\@thisrulewidth=\dimen167
) (/home/danvogel/.TinyTeX/texmf-dist/tex/latex/tools/array.sty
Package: array 2022/09/04 v2.5g Tabular extension package (FMi)
\col@sep=\dimen168
\ar@mcellbox=\box58
\extrarowheight=\dimen169
\NC@list=\toks25
\extratabsurround=\skip57
\backup@length=\skip58
\ar@cellbox=\box59
) (/home/danvogel/.TinyTeX/texmf-dist/tex/latex/tools/calc.sty
Package: calc 2017/05/25 v4.3 Infix arithmetic (KKT,FJ)
\calc@Acount=\count292
\calc@Bcount=\count293
\calc@Adimen=\dimen170
\calc@Bdimen=\dimen171
\calc@Askip=\skip59
\calc@Bskip=\skip60
LaTeX Info: Redefining \setlength on input line 80.
LaTeX Info: Redefining \addtolength on input line 81.
\calc@Ccount=\count294
\calc@Cskip=\skip61
) (/home/danvogel/.TinyTeX/texmf-dist/tex/latex/etoolbox/etoolbox.sty
Package: etoolbox 2020/10/05 v2.5k e-TeX tools for LaTeX (JAW)
\etb@tempcnta=\count295
) (/home/danvogel/.TinyTeX/texmf-dist/tex/latex/mdwtools/footnote.sty
Package: footnote 1997/01/28 1.13 Save footnotes around boxes
\fn@notes=\box60
\fn@width=\dimen172
) (/home/danvogel/.TinyTeX/texmf-dist/tex/latex/graphics/graphicx.sty
Package: graphicx 2021/09/16 v1.2d Enhanced LaTeX Graphics (DPC,SPQR)
(/home/danvogel/.TinyTeX/texmf-dist/tex/latex/graphics/graphics.sty
Package: graphics 2022/03/10 v1.4e Standard LaTeX Graphics (DPC,SPQR)
(/home/danvogel/.TinyTeX/texmf-dist/tex/latex/graphics/trig.sty
Package: trig 2021/08/11 v1.11 sin cos tan (DPC)
) (/home/danvogel/.TinyTeX/texmf-dist/tex/latex/graphics-cfg/graphics.cfg
File: graphics.cfg 2016/06/04 v1.11 sample graphics configuration
)
Package graphics Info: Driver file: pdftex.def on input line 107.
)
\Gin@req@height=\dimen173
\Gin@req@width=\dimen174
)
\cslhangindent=\skip62
\csllabelwidth=\skip63
\cslentryspacingunit=\skip64
(/home/danvogel/.TinyTeX/texmf-dist/tex/latex/setspace/setspace.sty
Package: setspace 2011/12/19 v6.7a set line spacing
) (/home/danvogel/.TinyTeX/texmf-dist/tex/latex/geometry/geometry.sty
Package: geometry 2020/01/02 v5.9 Page Geometry
(/home/danvogel/.TinyTeX/texmf-dist/tex/generic/iftex/ifvtex.sty
Package: ifvtex 2019/10/25 v1.7 ifvtex legacy package. Use iftex instead.
)
\Gm@cnth=\count296
\Gm@cntv=\count297
\c@Gm@tempcnt=\count298
\Gm@bindingoffset=\dimen175
\Gm@wd@mp=\dimen176
\Gm@odd@mp=\dimen177
\Gm@even@mp=\dimen178
\Gm@layoutwidth=\dimen179
\Gm@layoutheight=\dimen180
\Gm@layouthoffset=\dimen181
\Gm@layoutvoffset=\dimen182
\Gm@dimlist=\toks26
) (/home/danvogel/.TinyTeX/texmf-dist/tex/latex/sectsty/sectsty.sty
Package: sectsty 2002/02/25 v2.0.2 Commands to change all sectional heading styles

LaTeX Warning: Command \underbar  has changed.
               Check if current package is valid.


LaTeX Warning: Command \underline  has changed.
               Check if current package is valid.

) (/home/danvogel/.TinyTeX/texmf-dist/tex/latex/titlesec/titlesec.sty
Package: titlesec 2021/07/05 v2.14 Sectioning titles
\ttl@box=\box61
\beforetitleunit=\skip65
\aftertitleunit=\skip66
\ttl@plus=\dimen183
\ttl@minus=\dimen184
\ttl@toksa=\toks27
\titlewidth=\dimen185
\titlewidthlast=\dimen186
\titlewidthfirst=\dimen187
) (/home/danvogel/.TinyTeX/texmf-dist/tex/latex/l3backend/l3backend-pdftex.def
File: l3backend-pdftex.def 2022-10-26 L3 backend support: PDF output (pdfTeX)
\l__color_backend_stack_int=\count299
\l__pdf_internal_box=\box62
) (./capstone_vogel.aux)
\openout1 = `capstone_vogel.aux'.

LaTeX Font Info:    Checking defaults for OML/cmm/m/it on input line 113.
LaTeX Font Info:    ... okay on input line 113.
LaTeX Font Info:    Checking defaults for OMS/cmsy/m/n on input line 113.
LaTeX Font Info:    ... okay on input line 113.
LaTeX Font Info:    Checking defaults for OT1/cmr/m/n on input line 113.
LaTeX Font Info:    ... okay on input line 113.
LaTeX Font Info:    Checking defaults for T1/cmr/m/n on input line 113.
LaTeX Font Info:    ... okay on input line 113.
LaTeX Font Info:    Checking defaults for TS1/cmr/m/n on input line 113.
LaTeX Font Info:    ... okay on input line 113.
LaTeX Font Info:    Checking defaults for OMX/cmex/m/n on input line 113.
LaTeX Font Info:    ... okay on input line 113.
LaTeX Font Info:    Checking defaults for U/cmr/m/n on input line 113.
LaTeX Font Info:    ... okay on input line 113.
LaTeX Font Info:    Checking defaults for PD1/pdf/m/n on input line 113.
LaTeX Font Info:    ... okay on input line 113.
LaTeX Font Info:    Checking defaults for PU/pdf/m/n on input line 113.
LaTeX Font Info:    ... okay on input line 113.
(/home/danvogel/.TinyTeX/texmf-dist/tex/latex/epstopdf-pkg/epstopdf-base.sty
Package: epstopdf-base 2020-01-24 v2.11 Base part for package epstopdf
Package epstopdf-base Info: Redefining graphics rule for `.eps' on input line 485.
(/home/danvogel/.TinyTeX/texmf-dist/tex/latex/latexconfig/epstopdf-sys.cfg
File: epstopdf-sys.cfg 2010/07/13 v1.3 Configuration of (r)epstopdf for TeX Live
))
Package hyperref Info: Link coloring OFF on input line 113.
(./capstone_vogel.out) (./capstone_vogel.out)
\@outlinefile=\write3
\openout3 = `capstone_vogel.out'.

*geometry* driver: auto-detecting
*geometry* detected driver: pdftex
*geometry* verbose mode - [ preamble ] result:
* driver: pdftex
* paper: <default>
* layout: <same size as paper>
* layoutoffset:(h,v)=(0.0pt,0.0pt)
* modes: 
* h-part:(L,W,R)=(71.13188pt, 486.25761pt, 56.9055pt)
* v-part:(T,H,B)=(56.9055pt, 681.15898pt, 56.9055pt)
* \paperwidth=614.295pt
* \paperheight=794.96999pt
* \textwidth=486.25761pt
* \textheight=681.15898pt
* \oddsidemargin=-1.1381pt
* \evensidemargin=-1.1381pt
* \topmargin=-52.36449pt
* \headheight=12.0pt
* \headsep=25.0pt
* \topskip=10.0pt
* \footskip=30.0pt
* \marginparwidth=65.0pt
* \marginparsep=11.0pt
* \columnsep=10.0pt
* \skip\footins=9.0pt plus 4.0pt minus 2.0pt
* \hoffset=0.0pt
* \voffset=0.0pt
* \mag=1000
* \@twocolumnfalse
* \@twosidefalse
* \@mparswitchfalse
* \@reversemarginfalse
* (1in=72.27pt=25.4mm, 1cm=28.453pt)

LaTeX Font Info:    Trying to load font information for OT1+lmr on input line 115.
(/home/danvogel/.TinyTeX/texmf-dist/tex/latex/lm/ot1lmr.fd
File: ot1lmr.fd 2015/05/01 v1.6.1 Font defs for Latin Modern
)
LaTeX Font Info:    Trying to load font information for OML+lmm on input line 115.
(/home/danvogel/.TinyTeX/texmf-dist/tex/latex/lm/omllmm.fd
File: omllmm.fd 2015/05/01 v1.6.1 Font defs for Latin Modern
)
LaTeX Font Info:    Trying to load font information for OMS+lmsy on input line 115.
(/home/danvogel/.TinyTeX/texmf-dist/tex/latex/lm/omslmsy.fd
File: omslmsy.fd 2015/05/01 v1.6.1 Font defs for Latin Modern
)
LaTeX Font Info:    Trying to load font information for OMX+lmex on input line 115.
(/home/danvogel/.TinyTeX/texmf-dist/tex/latex/lm/omxlmex.fd
File: omxlmex.fd 2015/05/01 v1.6.1 Font defs for Latin Modern
)
LaTeX Font Info:    External font `lmex10' loaded for size
(Font)              <12> on input line 115.
LaTeX Font Info:    External font `lmex10' loaded for size
(Font)              <8> on input line 115.
LaTeX Font Info:    External font `lmex10' loaded for size
(Font)              <6> on input line 115.
LaTeX Font Info:    Trying to load font information for U+msa on input line 115.
(/home/danvogel/.TinyTeX/texmf-dist/tex/latex/amsfonts/umsa.fd
File: umsa.fd 2013/01/14 v3.01 AMS symbols A
)
LaTeX Font Info:    Trying to load font information for U+msb on input line 115.
(/home/danvogel/.TinyTeX/texmf-dist/tex/latex/amsfonts/umsb.fd
File: umsb.fd 2013/01/14 v3.01 AMS symbols B
) [1

{/home/danvogel/.TinyTeX/texmf-var/fonts/map/pdftex/updmap/pdftex.map}]
pdfTeX warning (ext4): destination with the same identifier (name{page.1}) has been already used, duplicate ignored
<to be read again> 
                   \relax 
l.131 \end{abstract}
                     [1] (./capstone_vogel.toc
LaTeX Font Info:    External font `lmex10' loaded for size
(Font)              <10> on input line 2.
LaTeX Font Info:    External font `lmex10' loaded for size
(Font)              <7> on input line 2.
LaTeX Font Info:    External font `lmex10' loaded for size
(Font)              <5> on input line 2.
)
\tf@toc=\write4
\openout4 = `capstone_vogel.toc'.


pdfTeX warning (ext4): destination with the same identifier (name{page.1}) has been already used, duplicate ignored
<to be read again> 
                   \relax 
l.137 \chapter
              {Introduction} [1

]

Package hyperref Warning: The anchor of a bookmark and its parent's must not
(hyperref)                be the same. Added a new anchor on input line 138.

[2

]
LaTeX Font Info:    Trying to load font information for TS1+lmr on input line 205.
(/home/danvogel/.TinyTeX/texmf-dist/tex/latex/lm/ts1lmr.fd
File: ts1lmr.fd 2015/05/01 v1.6.1 Font defs for Latin Modern
) [3]

Package hyperref Warning: The anchor of a bookmark and its parent's must not
(hyperref)                be the same. Added a new anchor on input line 226.

[4

]

Package hyperref Warning: The anchor of a bookmark and its parent's must not
(hyperref)                be the same. Added a new anchor on input line 251.

[5

] [6]

Package hyperref Warning: The anchor of a bookmark and its parent's must not
(hyperref)                be the same. Added a new anchor on input line 309.

[7

]
LaTeX Font Info:    Trying to load font information for T1+lmtt on input line 367.
(/home/danvogel/.TinyTeX/texmf-dist/tex/latex/lm/t1lmtt.fd
File: t1lmtt.fd 2015/05/01 v1.6.1 Font defs for Latin Modern
)
Overfull \hbox (12.05489pt too wide) in paragraph at lines 386--386
[] \T1/lmtt/m/n/7 >db|UniqueIdentifier|EntryName ProteinName OS=OrganismName OX=OrganismIdentifier [GN=GeneName ]PE=ProteinExistence SV=SequenceVersion[] 
 []


Overfull \hbox (8.32912pt too wide) in paragraph at lines 386--386
[] \T1/lmtt/m/n/7 >tr|B9RAM4|B9RAM4_RICCO 26S proteasome non-atpase regulatory subunit, putative OS=Ricinus communis OX=3988 GN=RCOM_1507340 PE=4 SV=1[] 
 []

[8]

Package hyperref Warning: The anchor of a bookmark and its parent's must not
(hyperref)                be the same. Added a new anchor on input line 390.


Overfull \hbox (3.35994pt too wide) in paragraph at lines 494--495
 []\T1/lmr/m/n/10 strong_peptide_count
 []


Overfull \hbox (3.35994pt too wide) in paragraph at lines 512--513
 []\T1/lmr/m/n/10 strong_peptide_count
 []

[9

] [10]

Package hyperref Warning: The anchor of a bookmark and its parent's must not
(hyperref)                be the same. Added a new anchor on input line 560.

[11

]
<figures/kegg/Rcom_9_M4_AM_R1_7Mar16_Samwise_15-08-55_org_heatmap_min_o_1_min_p_1.jpeg, id=175, 722.7pt x 505.89pt>
File: figures/kegg/Rcom_9_M4_AM_R1_7Mar16_Samwise_15-08-55_org_heatmap_min_o_1_min_p_1.jpeg Graphic file (type jpg)
<use figures/kegg/Rcom_9_M4_AM_R1_7Mar16_Samwise_15-08-55_org_heatmap_min_o_1_min_p_1.jpeg>
Package pdftex.def Info: figures/kegg/Rcom_9_M4_AM_R1_7Mar16_Samwise_15-08-55_org_heatmap_min_o_1_min_p_1.jpeg  used on input line 586.
(pdftex.def)             Requested size: 316.05916pt x 221.24141pt.
<figures/uniprot/Rcom_9_M4_AM_R1_7Mar16_Samwise_15-08-55_org_heatmap_min_o_1_min_p_1.png, id=176, 722.7pt x 505.89pt>
File: figures/uniprot/Rcom_9_M4_AM_R1_7Mar16_Samwise_15-08-55_org_heatmap_min_o_1_min_p_1.png Graphic file (type png)
<use figures/uniprot/Rcom_9_M4_AM_R1_7Mar16_Samwise_15-08-55_org_heatmap_min_o_1_min_p_1.png>
Package pdftex.def Info: figures/uniprot/Rcom_9_M4_AM_R1_7Mar16_Samwise_15-08-55_org_heatmap_min_o_1_min_p_1.png  used on input line 592.
(pdftex.def)             Requested size: 316.05916pt x 221.24141pt.
[12

 <./figures/kegg/Rcom_9_M4_AM_R1_7Mar16_Samwise_15-08-55_org_heatmap_min_o_1_min_p_1.jpeg> <./figures/uniprot/Rcom_9_M4_AM_R1_7Mar16_Samwise_15-08-55_org_heatmap_min_o_1_min_p_1.png>]
<figures/kegg/Rcom_GCH4_1_2_03Jun16_Samwise_16-03-32_org_heatmap_min_o_1_min_p_1.jpeg, id=183, 722.7pt x 505.89pt>
File: figures/kegg/Rcom_GCH4_1_2_03Jun16_Samwise_16-03-32_org_heatmap_min_o_1_min_p_1.jpeg Graphic file (type jpg)
<use figures/kegg/Rcom_GCH4_1_2_03Jun16_Samwise_16-03-32_org_heatmap_min_o_1_min_p_1.jpeg>
Package pdftex.def Info: figures/kegg/Rcom_GCH4_1_2_03Jun16_Samwise_16-03-32_org_heatmap_min_o_1_min_p_1.jpeg  used on input line 600.
(pdftex.def)             Requested size: 316.05916pt x 221.24141pt.
<figures/uniprot/Rcom_GCH4_1_2_org_heatmap_min_o_1_min_p_1.png, id=184, 722.7pt x 505.89pt>
File: figures/uniprot/Rcom_GCH4_1_2_org_heatmap_min_o_1_min_p_1.png Graphic file (type png)
<use figures/uniprot/Rcom_GCH4_1_2_org_heatmap_min_o_1_min_p_1.png>
Package pdftex.def Info: figures/uniprot/Rcom_GCH4_1_2_org_heatmap_min_o_1_min_p_1.png  used on input line 606.
(pdftex.def)             Requested size: 316.05916pt x 221.24141pt.
[13 <./figures/kegg/Rcom_GCH4_1_2_03Jun16_Samwise_16-03-32_org_heatmap_min_o_1_min_p_1.jpeg> <./figures/uniprot/Rcom_GCH4_1_2_org_heatmap_min_o_1_min_p_1.png>]
<figures/kegg/55551-DeNovo_org_heatmap_min_o_1_min_p_1.jpeg, id=191, 722.7pt x 505.89pt>
File: figures/kegg/55551-DeNovo_org_heatmap_min_o_1_min_p_1.jpeg Graphic file (type jpg)
<use figures/kegg/55551-DeNovo_org_heatmap_min_o_1_min_p_1.jpeg>
Package pdftex.def Info: figures/kegg/55551-DeNovo_org_heatmap_min_o_1_min_p_1.jpeg  used on input line 614.
(pdftex.def)             Requested size: 316.05916pt x 221.24141pt.
<figures/uniprot/555510-DeNovo_org_heatmap_min_o_1_min_p_1.png, id=192, 722.7pt x 505.89pt>
File: figures/uniprot/555510-DeNovo_org_heatmap_min_o_1_min_p_1.png Graphic file (type png)
<use figures/uniprot/555510-DeNovo_org_heatmap_min_o_1_min_p_1.png>
Package pdftex.def Info: figures/uniprot/555510-DeNovo_org_heatmap_min_o_1_min_p_1.png  used on input line 620.
(pdftex.def)             Requested size: 316.05916pt x 221.24141pt.
[14 <./figures/kegg/55551-DeNovo_org_heatmap_min_o_1_min_p_1.jpeg> <./figures/uniprot/555510-DeNovo_org_heatmap_min_o_1_min_p_1.png>]
<figures/kegg/555558-DeNovo_org_heatmap_min_o_1_min_p_1.jpeg, id=199, 722.7pt x 505.89pt>
File: figures/kegg/555558-DeNovo_org_heatmap_min_o_1_min_p_1.jpeg Graphic file (type jpg)
<use figures/kegg/555558-DeNovo_org_heatmap_min_o_1_min_p_1.jpeg>
Package pdftex.def Info: figures/kegg/555558-DeNovo_org_heatmap_min_o_1_min_p_1.jpeg  used on input line 630.
(pdftex.def)             Requested size: 316.05916pt x 221.24141pt.
<figures/uniprot/555558-DeNovo_org_heatmap_min_o_1_min_p_1.png, id=200, 722.7pt x 505.89pt>
File: figures/uniprot/555558-DeNovo_org_heatmap_min_o_1_min_p_1.png Graphic file (type png)
<use figures/uniprot/555558-DeNovo_org_heatmap_min_o_1_min_p_1.png>
Package pdftex.def Info: figures/uniprot/555558-DeNovo_org_heatmap_min_o_1_min_p_1.png  used on input line 637.
(pdftex.def)             Requested size: 316.05916pt x 221.24141pt.
[15 <./figures/kegg/555558-DeNovo_org_heatmap_min_o_1_min_p_1.jpeg> <./figures/uniprot/555558-DeNovo_org_heatmap_min_o_1_min_p_1.png>]
<figures/kegg/Fish-DeNove_org_heatmap_min_o_1_min_p_3.jpeg, id=207, 722.7pt x 505.89pt>
File: figures/kegg/Fish-DeNove_org_heatmap_min_o_1_min_p_3.jpeg Graphic file (type jpg)
<use figures/kegg/Fish-DeNove_org_heatmap_min_o_1_min_p_3.jpeg>
Package pdftex.def Info: figures/kegg/Fish-DeNove_org_heatmap_min_o_1_min_p_3.jpeg  used on input line 651.
(pdftex.def)             Requested size: 316.05916pt x 221.24141pt.
<figures/uniprot/Fish-DeNove_org_heatmap_min_o_1_min_p_1.png, id=208, 722.7pt x 505.89pt>
File: figures/uniprot/Fish-DeNove_org_heatmap_min_o_1_min_p_1.png Graphic file (type png)
<use figures/uniprot/Fish-DeNove_org_heatmap_min_o_1_min_p_1.png>
Package pdftex.def Info: figures/uniprot/Fish-DeNove_org_heatmap_min_o_1_min_p_1.png  used on input line 657.
(pdftex.def)             Requested size: 316.05916pt x 221.24141pt.
[16 <./figures/kegg/Fish-DeNove_org_heatmap_min_o_1_min_p_3.jpeg> <./figures/uniprot/Fish-DeNove_org_heatmap_min_o_1_min_p_1.png>]
<figures/kegg/Juice-DeNovo_org_heatmap_min_o_4_min_p_4.jpeg, id=216, 722.7pt x 505.89pt>
File: figures/kegg/Juice-DeNovo_org_heatmap_min_o_4_min_p_4.jpeg Graphic file (type jpg)
<use figures/kegg/Juice-DeNovo_org_heatmap_min_o_4_min_p_4.jpeg>
Package pdftex.def Info: figures/kegg/Juice-DeNovo_org_heatmap_min_o_4_min_p_4.jpeg  used on input line 668.
(pdftex.def)             Requested size: 316.05916pt x 221.24141pt.
<figures/uniprot/Juice-DeNovo_org_heatmap_min_o_1_min_p_1.png, id=217, 722.7pt x 505.89pt>
File: figures/uniprot/Juice-DeNovo_org_heatmap_min_o_1_min_p_1.png Graphic file (type png)
<use figures/uniprot/Juice-DeNovo_org_heatmap_min_o_1_min_p_1.png>
Package pdftex.def Info: figures/uniprot/Juice-DeNovo_org_heatmap_min_o_1_min_p_1.png  used on input line 674.
(pdftex.def)             Requested size: 316.05916pt x 221.24141pt.
[17 <./figures/kegg/Juice-DeNovo_org_heatmap_min_o_4_min_p_4.jpeg> <./figures/uniprot/Juice-DeNovo_org_heatmap_min_o_1_min_p_1.png>]
<figures/kegg/Milk-DeNovo_org_heatmap_min_o_1_min_p_1.jpeg, id=225, 722.7pt x 505.89pt>
File: figures/kegg/Milk-DeNovo_org_heatmap_min_o_1_min_p_1.jpeg Graphic file (type jpg)
<use figures/kegg/Milk-DeNovo_org_heatmap_min_o_1_min_p_1.jpeg>
Package pdftex.def Info: figures/kegg/Milk-DeNovo_org_heatmap_min_o_1_min_p_1.jpeg  used on input line 684.
(pdftex.def)             Requested size: 316.05916pt x 221.24141pt.
<figures/uniprot/Milk-DeNovo_org_heatmap_min_o_0_min_p_0.png, id=226, 722.7pt x 505.89pt>
File: figures/uniprot/Milk-DeNovo_org_heatmap_min_o_0_min_p_0.png Graphic file (type png)
<use figures/uniprot/Milk-DeNovo_org_heatmap_min_o_0_min_p_0.png>
Package pdftex.def Info: figures/uniprot/Milk-DeNovo_org_heatmap_min_o_0_min_p_0.png  used on input line 690.
(pdftex.def)             Requested size: 316.05916pt x 221.24141pt.
[18 <./figures/kegg/Milk-DeNovo_org_heatmap_min_o_1_min_p_1.jpeg> <./figures/uniprot/Milk-DeNovo_org_heatmap_min_o_0_min_p_0.png>]
<figures/kegg/Oyster-DeNovo_org_heatmap_min_o_5_min_p_3.jpeg, id=233, 722.7pt x 505.89pt>
File: figures/kegg/Oyster-DeNovo_org_heatmap_min_o_5_min_p_3.jpeg Graphic file (type jpg)
<use figures/kegg/Oyster-DeNovo_org_heatmap_min_o_5_min_p_3.jpeg>
Package pdftex.def Info: figures/kegg/Oyster-DeNovo_org_heatmap_min_o_5_min_p_3.jpeg  used on input line 700.
(pdftex.def)             Requested size: 316.05916pt x 221.24141pt.
<figures/uniprot/Oyster-DeNovo_org_heatmap_min_o_1_min_p_1.png, id=234, 722.7pt x 505.89pt>
File: figures/uniprot/Oyster-DeNovo_org_heatmap_min_o_1_min_p_1.png Graphic file (type png)
<use figures/uniprot/Oyster-DeNovo_org_heatmap_min_o_1_min_p_1.png>
Package pdftex.def Info: figures/uniprot/Oyster-DeNovo_org_heatmap_min_o_1_min_p_1.png  used on input line 706.
(pdftex.def)             Requested size: 316.05916pt x 221.24141pt.
[19 <./figures/kegg/Oyster-DeNovo_org_heatmap_min_o_5_min_p_3.jpeg> <./figures/uniprot/Oyster-DeNovo_org_heatmap_min_o_1_min_p_1.png>] [20

] (./capstone_vogel.aux)
Package rerunfilecheck Info: File `capstone_vogel.out' has not changed.
(rerunfilecheck)             Checksum: A2BE0B1C8B68CF390BE87D51D62D5C62;4058.
 ) 
Here is how much of TeX's memory you used:
 11918 strings out of 476931
 189851 string characters out of 5825076
 544108 words of memory out of 5000000
 32873 multiletter control sequences out of 15000+600000
 528498 words of font info for 72 fonts, out of 8000000 for 9000
 14 hyphenation exceptions out of 8191
 72i,7n,77p,536b,539s stack positions out of 10000i,1000n,20000p,200000b,200000s
{/home/danvogel/.TinyTeX/texmf-dist/fonts/enc/dvips/lm/lm-ec.enc}{/home/danvogel/.TinyTeX/texmf-dist/fonts/enc/dvips/lm/lm-ts1.enc}</home/danvogel/.TinyTeX/texmf-dist/fonts/type1/public/lm/lmbx10.pfb></home/danvogel/.TinyTeX/texmf-dist/fonts/type1/public/lm/lmbx12.pfb></home/danvogel/.TinyTeX/texmf-dist/fonts/type1/public/lm/lmr10.pfb></home/danvogel/.TinyTeX/texmf-dist/fonts/type1/public/lm/lmr12.pfb></home/danvogel/.TinyTeX/texmf-dist/fonts/type1/public/lm/lmr17.pfb></home/danvogel/.TinyTeX/texmf-dist/fonts/type1/public/lm/lmri10.pfb></home/danvogel/.TinyTeX/texmf-dist/fonts/type1/public/lm/lmtt8.pfb>
Output written on capstone_vogel.pdf (22 pages, 4311217 bytes).
PDF statistics:
 314 PDF objects out of 1000 (max. 8388607)
 256 compressed objects within 3 object streams
 70 named destinations out of 1000 (max. 500000)
 265 words of extra memory for PDF output out of 10000 (max. 10000000)

